Compiling the C compiler identification source file "CMakeCCompilerId.c" failed.
Compiler: /usr/bin/gcc-10 
Build flags: 
Id flags:  

The output was:
No such file or directory


Compiling the C compiler identification source file "CMakeCCompilerId.c" failed.
Compiler: /usr/bin/gcc-10 
Build flags: 
Id flags: -c 

The output was:
No such file or directory


Compiling the C compiler identification source file "CMakeCCompilerId.c" failed.
Compiler: /usr/bin/gcc-10 
Build flags: 
Id flags: -Aa 

The output was:
No such file or directory


Compiling the C compiler identification source file "CMakeCCompilerId.c" failed.
Compiler: /usr/bin/gcc-10 
Build flags: 
Id flags: -D__CLASSIC_C__ 

The output was:
No such file or directory


Compiling the C compiler identification source file "CMakeCCompilerId.c" failed.
Compiler: /usr/bin/gcc-10 
Build flags: 
Id flags:  

The output was:
No such file or directory


Compiling the C compiler identification source file "CMakeCCompilerId.c" failed.
Compiler: /usr/bin/gcc-10 
Build flags: 
Id flags: -c 

The output was:
No such file or directory


Compiling the C compiler identification source file "CMakeCCompilerId.c" failed.
Compiler: /usr/bin/gcc-10 
Build flags: 
Id flags: -Aa 

The output was:
No such file or directory


Compiling the C compiler identification source file "CMakeCCompilerId.c" failed.
Compiler: /usr/bin/gcc-10 
Build flags: 
Id flags: -D__CLASSIC_C__ 

The output was:
No such file or directory


Checking whether the C compiler is IAR using "" did not match "IAR .+ Compiler":
Checking whether the C compiler is IAR using "" did not match "IAR .+ Compiler":
Compiling the CXX compiler identification source file "CMakeCXXCompilerId.cpp" failed.
Compiler: /usr/bin/g++-10 
Build flags: 
Id flags:  

The output was:
No such file or directory


Compiling the CXX compiler identification source file "CMakeCXXCompilerId.cpp" failed.
Compiler: /usr/bin/g++-10 
Build flags: 
Id flags: -c 

The output was:
No such file or directory


Compiling the CXX compiler identification source file "CMakeCXXCompilerId.cpp" failed.
Compiler: /usr/bin/g++-10 
Build flags: 
Id flags: --c++ 

The output was:
No such file or directory


Compiling the CXX compiler identification source file "CMakeCXXCompilerId.cpp" failed.
Compiler: /usr/bin/g++-10 
Build flags: 
Id flags: --ec++ 

The output was:
No such file or directory


Compiling the CXX compiler identification source file "CMakeCXXCompilerId.cpp" failed.
Compiler: /usr/bin/g++-10 
Build flags: 
Id flags:  

The output was:
No such file or directory


Compiling the CXX compiler identification source file "CMakeCXXCompilerId.cpp" failed.
Compiler: /usr/bin/g++-10 
Build flags: 
Id flags: -c 

The output was:
No such file or directory


Compiling the CXX compiler identification source file "CMakeCXXCompilerId.cpp" failed.
Compiler: /usr/bin/g++-10 
Build flags: 
Id flags: --c++ 

The output was:
No such file or directory


Compiling the CXX compiler identification source file "CMakeCXXCompilerId.cpp" failed.
Compiler: /usr/bin/g++-10 
Build flags: 
Id flags: --ec++ 

The output was:
No such file or directory


Checking whether the CXX compiler is IAR using "" did not match "IAR .+ Compiler":
Checking whether the CXX compiler is IAR using "" did not match "IAR .+ Compiler":
Determining if the pthread_create exist failed with the following output:
Change Dir: /home/arihant/ws/cpp_ws/src/graph_algorithms/build/CMakeFiles/CMakeTmp

Run Build Command:"/usr/bin/make" "cmTC_638d4/fast"
/usr/bin/make -f CMakeFiles/cmTC_638d4.dir/build.make CMakeFiles/cmTC_638d4.dir/build
make[1]: Entering directory '/home/arihant/ws/cpp_ws/src/graph_algorithms/build/CMakeFiles/CMakeTmp'
Building C object CMakeFiles/cmTC_638d4.dir/CheckSymbolExists.c.o
/usr/bin/gcc-10    -o CMakeFiles/cmTC_638d4.dir/CheckSymbolExists.c.o   -c /home/arihant/ws/cpp_ws/src/graph_algorithms/build/CMakeFiles/CMakeTmp/CheckSymbolExists.c
Linking C executable cmTC_638d4
/usr/bin/cmake -E cmake_link_script CMakeFiles/cmTC_638d4.dir/link.txt --verbose=1
/usr/bin/gcc-10      CMakeFiles/cmTC_638d4.dir/CheckSymbolExists.c.o  -o cmTC_638d4 
CMakeFiles/cmTC_638d4.dir/CheckSymbolExists.c.o: In function `main':
CheckSymbolExists.c:(.text+0x1b): undefined reference to `pthread_create'
collect2: error: ld returned 1 exit status
CMakeFiles/cmTC_638d4.dir/build.make:97: recipe for target 'cmTC_638d4' failed
make[1]: *** [cmTC_638d4] Error 1
make[1]: Leaving directory '/home/arihant/ws/cpp_ws/src/graph_algorithms/build/CMakeFiles/CMakeTmp'
Makefile:126: recipe for target 'cmTC_638d4/fast' failed
make: *** [cmTC_638d4/fast] Error 2

File /home/arihant/ws/cpp_ws/src/graph_algorithms/build/CMakeFiles/CMakeTmp/CheckSymbolExists.c:
/* */
#include <pthread.h>

int main(int argc, char** argv)
{
  (void)argv;
#ifndef pthread_create
  return ((int*)(&pthread_create))[argc];
#else
  (void)argc;
  return 0;
#endif
}

Determining if the function pthread_create exists in the pthreads failed with the following output:
Change Dir: /home/arihant/ws/cpp_ws/src/graph_algorithms/build/CMakeFiles/CMakeTmp

Run Build Command:"/usr/bin/make" "cmTC_349d3/fast"
/usr/bin/make -f CMakeFiles/cmTC_349d3.dir/build.make CMakeFiles/cmTC_349d3.dir/build
make[1]: Entering directory '/home/arihant/ws/cpp_ws/src/graph_algorithms/build/CMakeFiles/CMakeTmp'
Building C object CMakeFiles/cmTC_349d3.dir/CheckFunctionExists.c.o
/usr/bin/gcc-10   -DCHECK_FUNCTION_EXISTS=pthread_create   -o CMakeFiles/cmTC_349d3.dir/CheckFunctionExists.c.o   -c /usr/share/cmake-3.10/Modules/CheckFunctionExists.c
Linking C executable cmTC_349d3
/usr/bin/cmake -E cmake_link_script CMakeFiles/cmTC_349d3.dir/link.txt --verbose=1
/usr/bin/gcc-10  -DCHECK_FUNCTION_EXISTS=pthread_create    CMakeFiles/cmTC_349d3.dir/CheckFunctionExists.c.o  -o cmTC_349d3 -lpthreads 
/usr/bin/ld: cannot find -lpthreads
collect2: error: ld returned 1 exit status
CMakeFiles/cmTC_349d3.dir/build.make:97: recipe for target 'cmTC_349d3' failed
make[1]: *** [cmTC_349d3] Error 1
make[1]: Leaving directory '/home/arihant/ws/cpp_ws/src/graph_algorithms/build/CMakeFiles/CMakeTmp'
Makefile:126: recipe for target 'cmTC_349d3/fast' failed
make: *** [cmTC_349d3/fast] Error 2


